<?xml version="1.0" encoding="UTF-8" standalone="no"?>
<!DOCTYPE log SYSTEM "logger.dtd">
<log>
<record>
  <date>2020-07-30T15:14:45</date>
  <millis>1596089685851</millis>
  <sequence>0</sequence>
  <logger>io.vertx.core.impl.ContextImpl</logger>
  <level>SEVERE</level>
  <thread>32</thread>
  <message>Unhandled exception</message>
  <exception>
    <message>java.lang.StringIndexOutOfBoundsException: String index out of range: 6</message>
    <frame>
      <class>java.lang.String</class>
      <method>substring</method>
      <line>1963</line>
    </frame>
    <frame>
      <class>io.vertx.blog.first.QueryVerticle</class>
      <method>queryConnectionAll</method>
      <line>241</line>
    </frame>
    <frame>
      <class>io.vertx.blog.first.QueryVerticle</class>
      <method>getQuerySharedData</method>
      <line>334</line>
    </frame>
    <frame>
      <class>io.vertx.blog.first.QueryVerticle</class>
      <method>lambda$3</method>
      <line>154</line>
    </frame>
    <frame>
      <class>io.vertx.core.shareddata.impl.LocalAsyncMapImpl</class>
      <method>get</method>
      <line>50</line>
    </frame>
    <frame>
      <class>io.vertx.core.shareddata.impl.SharedDataImpl$WrappedAsyncMap</class>
      <method>get</method>
      <line>195</line>
    </frame>
    <frame>
      <class>io.vertx.blog.first.QueryVerticle</class>
      <method>lambda$2</method>
      <line>141</line>
    </frame>
    <frame>
      <class>io.vertx.core.shareddata.impl.SharedDataImpl</class>
      <method>getLocalAsyncMap</method>
      <line>149</line>
    </frame>
    <frame>
      <class>io.vertx.core.shareddata.impl.SharedDataImpl</class>
      <method>getAsyncMap</method>
      <line>77</line>
    </frame>
    <frame>
      <class>io.vertx.blog.first.QueryVerticle</class>
      <method>lambda$1</method>
      <line>135</line>
    </frame>
    <frame>
      <class>io.vertx.ext.jdbc.impl.JDBCClientImpl</class>
      <method>lambda$null$8</method>
      <line>295</line>
    </frame>
    <frame>
      <class>io.vertx.core.impl.ContextImpl</class>
      <method>executeTask</method>
      <line>366</line>
    </frame>
    <frame>
      <class>io.vertx.core.impl.WorkerContext</class>
      <method>lambda$wrapTask$0</method>
      <line>35</line>
    </frame>
    <frame>
      <class>io.vertx.core.impl.TaskQueue</class>
      <method>run</method>
      <line>76</line>
    </frame>
    <frame>
      <class>java.util.concurrent.ThreadPoolExecutor</class>
      <method>runWorker</method>
      <line>1149</line>
    </frame>
    <frame>
      <class>java.util.concurrent.ThreadPoolExecutor$Worker</class>
      <method>run</method>
      <line>624</line>
    </frame>
    <frame>
      <class>io.netty.util.concurrent.FastThreadLocalRunnable</class>
      <method>run</method>
      <line>30</line>
    </frame>
    <frame>
      <class>java.lang.Thread</class>
      <method>run</method>
      <line>748</line>
    </frame>
  </exception>
</record>
<record>
  <date>2020-07-30T15:15:16</date>
  <millis>1596089716942</millis>
  <sequence>1</sequence>
  <logger>io.vertx.core.impl.ContextImpl</logger>
  <level>SEVERE</level>
  <thread>44</thread>
  <message>Unhandled exception</message>
  <exception>
    <message>java.lang.StringIndexOutOfBoundsException: String index out of range: 6</message>
    <frame>
      <class>java.lang.String</class>
      <method>substring</method>
      <line>1963</line>
    </frame>
    <frame>
      <class>io.vertx.blog.first.QueryVerticle</class>
      <method>queryConnectionAll</method>
      <line>241</line>
    </frame>
    <frame>
      <class>io.vertx.blog.first.QueryVerticle</class>
      <method>getQuerySharedData</method>
      <line>334</line>
    </frame>
    <frame>
      <class>io.vertx.blog.first.QueryVerticle</class>
      <method>lambda$3</method>
      <line>154</line>
    </frame>
    <frame>
      <class>io.vertx.core.shareddata.impl.LocalAsyncMapImpl</class>
      <method>get</method>
      <line>50</line>
    </frame>
    <frame>
      <class>io.vertx.core.shareddata.impl.SharedDataImpl$WrappedAsyncMap</class>
      <method>get</method>
      <line>195</line>
    </frame>
    <frame>
      <class>io.vertx.blog.first.QueryVerticle</class>
      <method>lambda$2</method>
      <line>141</line>
    </frame>
    <frame>
      <class>io.vertx.core.shareddata.impl.SharedDataImpl</class>
      <method>getLocalAsyncMap</method>
      <line>149</line>
    </frame>
    <frame>
      <class>io.vertx.core.shareddata.impl.SharedDataImpl</class>
      <method>getAsyncMap</method>
      <line>77</line>
    </frame>
    <frame>
      <class>io.vertx.blog.first.QueryVerticle</class>
      <method>lambda$1</method>
      <line>135</line>
    </frame>
    <frame>
      <class>io.vertx.ext.jdbc.impl.JDBCClientImpl</class>
      <method>lambda$null$8</method>
      <line>295</line>
    </frame>
    <frame>
      <class>io.vertx.core.impl.ContextImpl</class>
      <method>executeTask</method>
      <line>366</line>
    </frame>
    <frame>
      <class>io.vertx.core.impl.WorkerContext</class>
      <method>lambda$wrapTask$0</method>
      <line>35</line>
    </frame>
    <frame>
      <class>io.vertx.core.impl.TaskQueue</class>
      <method>run</method>
      <line>76</line>
    </frame>
    <frame>
      <class>java.util.concurrent.ThreadPoolExecutor</class>
      <method>runWorker</method>
      <line>1149</line>
    </frame>
    <frame>
      <class>java.util.concurrent.ThreadPoolExecutor$Worker</class>
      <method>run</method>
      <line>624</line>
    </frame>
    <frame>
      <class>io.netty.util.concurrent.FastThreadLocalRunnable</class>
      <method>run</method>
      <line>30</line>
    </frame>
    <frame>
      <class>java.lang.Thread</class>
      <method>run</method>
      <line>748</line>
    </frame>
  </exception>
</record>
